<component name="libraryTable">
  <library name="junit-4.9">
    <CLASSES>
      <root url="jar://$PROJECT_DIR$/javase_jdbc-review/lib/junit-4.9.jar!/" />
      <root url="jar://$PROJECT_DIR$/javase_jdbc-review/lib/mysql-connector-java-5.1.37-bin.jar!/" />
    </CLASSES>
    <JAVADOC />
    <SOURCES />
  </library>
</component>